<?xml version="1.0" encoding="UTF-8"?>
<!-- Generated by org.testng.reporters.JUnitReportReporter -->
<testsuite hostname="MSI" failures="0" tests="7" name="tests.AllTests" time="173.244" errors="0" timestamp="2025-06-15T18:17:57 IST" skipped="0">
  <testcase classname="tests.AllTests" name="verifyCurrencyAndLanguageSelectors" time="22.318"/>
  <testcase classname="tests.AllTests" name="testSignUpNegativeScenarios" time="44.711"/>
  <testcase classname="tests.AllTests" name="testLogin" time="26.137"/>
  <testcase classname="tests.AllTests" name="addcart" time="18.184"/>
  <testcase classname="tests.AllTests" name="update_Cart" time="39.580"/>
  <testcase classname="tests.AllTests" name="Payment_page" time="20.405"/>
  <testcase classname="tests.AllTests" name="logoutPage" time="1.909"/>
</testsuite> <!-- tests.AllTests -->
